
/home/runner/work/exp-complex-datatypes-iiith/exp-complex-datatypes-iiith/experiment/simulation/js/dict.js
    6:6   warning  Unnecessary semicolon                              no-extra-semi
    7:2   warning  Unnecessary semicolon                              no-extra-semi
   10:10  warning  'addElementsDictionary' is defined but never used  no-unused-vars
   22:2   warning  Unnecessary semicolon                              no-extra-semi
   24:10  warning  'randomiseDictionary' is defined but never used    no-unused-vars
   45:2   warning  Unnecessary semicolon                              no-extra-semi
   98:10  warning  'submitDictLearn' is defined but never used        no-unused-vars
  148:10  warning  'submitDictPractice' is defined but never used     no-unused-vars
  160:9   warning  'checkNumber' is assigned a value but never used   no-unused-vars
  278:9   warning  Expected a 'break' statement before 'default'      no-fallthrough

/home/runner/work/exp-complex-datatypes-iiith/exp-complex-datatypes-iiith/experiment/simulation/js/list.js
    5:6   warning  Unnecessary semicolon                           no-extra-semi
    6:2   warning  Unnecessary semicolon                           no-extra-semi
   26:10  warning  'addElementsList' is defined but never used     no-unused-vars
   44:2   warning  Unnecessary semicolon                           no-extra-semi
   53:2   warning  Unnecessary semicolon                           no-extra-semi
   55:10  warning  'randomiseList' is defined but never used       no-unused-vars
   64:2   warning  Unnecessary semicolon                           no-extra-semi
  102:10  warning  'submitListLearn' is defined but never used     no-unused-vars
  153:10  warning  'submitListPractice' is defined but never used  no-unused-vars

/home/runner/work/exp-complex-datatypes-iiith/exp-complex-datatypes-iiith/experiment/simulation/js/main.js
   9:5   warning  'datatypes' is assigned a value but never used  no-unused-vars
  25:40  warning  'addElementsList' is not defined                no-undef
  26:10  warning  'randomiseList' is not defined                  no-undef
  28:34  warning  'randomiseSet' is not defined                   no-undef
  29:10  warning  'addElementsSet' is not defined                 no-undef
  31:34  warning  'randomiseDictionary' is not defined            no-undef
  32:10  warning  'addElementsDictionary' is not defined          no-undef
  36:10  warning  'changeExperiment' is defined but never used    no-unused-vars
  54:46  warning  'addElementsList' is not defined                no-undef
  55:45  warning  'addElementsSet' is not defined                 no-undef
  56:52  warning  'addElementsDictionary' is not defined          no-undef
  57:49  warning  'randomiseList' is not defined                  no-undef
  58:48  warning  'randomiseSet' is not defined                   no-undef
  59:55  warning  'randomiseDictionary' is not defined            no-undef
  62:10  warning  'reload' is defined but never used              no-unused-vars
  66:10  warning  'enterTextField' is defined but never used      no-unused-vars
  83:1   warning  'interact' is not defined                       no-undef
  95:1   warning  'interact' is not defined                       no-undef

/home/runner/work/exp-complex-datatypes-iiith/exp-complex-datatypes-iiith/experiment/simulation/js/set.js
   36:10  warning  'randomiseSet' is defined but never used       no-unused-vars
   49:10  warning  'submitSetPractice' is defined but never used  no-unused-vars
  127:21  warning  'list' is not defined                          no-undef
  180:10  warning  'submitSetLearn' is defined but never used     no-unused-vars
  230:10  warning  'addElementsSet' is defined but never used     no-unused-vars
  246:2   warning  Unnecessary semicolon                          no-extra-semi

✖ 43 problems (0 errors, 43 warnings)
  0 errors and 10 warnings potentially fixable with the `--fix` option.

